2018-09-27 18:33:34,976 - BrowserEngine - INFO - You had select Chrome browser.
2018-09-27 18:33:34,976 - BrowserEngine - INFO - The testServer URL is: https://www.baidu.com.
2018-09-27 18:33:36,740 - BrowserEngine - INFO - open url:https://www.baidu.com
2018-09-27 18:33:36,952 - BrowserEngine - INFO - Maximize the current window.
2018-09-27 18:33:36,956 - BrowserEngine - INFO - 等待10秒.
2018-09-27 18:33:36,988 - BasePage - INFO - Had find the element ' ' successful.by id via value: kw
2018-09-27 18:33:37,163 - BasePage - INFO - Had type ' selenium ' in inputBox
2018-09-27 18:33:37,202 - BasePage - INFO - Had find the element '  ' successful by xpath via value: //*[@id='su'] 
2018-09-27 18:33:37,286 - BasePage - INFO - 页面元素被点击
2018-09-27 18:33:39,962 - BasePage - INFO - 开始截图并保存
2018-09-27 18:33:39,966 - BasePage - INFO - Current page title is selenium_百度搜索
2018-09-27 18:33:39,984 - BasePage - INFO - Had find the element ' ' successful.by id via value: kw
2018-09-27 18:33:40,095 - BasePage - INFO - Had type ' python ' in inputBox
2018-09-27 18:33:40,111 - BasePage - INFO - Had find the element '  ' successful by xpath via value: //*[@id='su'] 
2018-09-27 18:33:40,187 - BasePage - INFO - 页面元素被点击
2018-09-27 18:33:42,704 - BasePage - INFO - 开始截图并保存
2018-09-27 18:33:42,708 - BasePage - INFO - Current page title is python_百度搜索
2018-09-27 18:33:42,712 - BrowserEngine - INFO - 关闭浏览器.
2018-09-27 18:33:46,068 - BrowserEngine - INFO - You had select Chrome browser.
2018-09-27 18:33:46,068 - BrowserEngine - INFO - The testServer URL is: https://www.baidu.com.
2018-09-27 18:33:47,115 - BrowserEngine - INFO - open url:https://www.baidu.com
2018-09-27 18:33:47,335 - BrowserEngine - INFO - Maximize the current window.
2018-09-27 18:33:47,337 - BrowserEngine - INFO - 等待10秒.
2018-09-27 18:33:47,342 - BasePage - INFO - Current page title is 百度一下，你就知道
2018-09-27 18:33:47,346 - BrowserEngine - INFO - 关闭浏览器.
2018-09-27 18:33:50,772 - BrowserEngine - INFO - You had select Chrome browser.
2018-09-27 18:33:50,772 - BrowserEngine - INFO - The testServer URL is: https://www.baidu.com.
2018-09-27 18:33:51,607 - BrowserEngine - INFO - open url:https://www.baidu.com
2018-09-27 18:33:51,818 - BrowserEngine - INFO - Maximize the current window.
2018-09-27 18:33:51,822 - BrowserEngine - INFO - 等待10秒.
2018-09-27 18:33:51,853 - BasePage - INFO - Had find the element ' 新闻 ' successful by xpath via value: //*[@id='u1']/a[@name='tj_trnews'] 
2018-09-27 18:33:53,844 - BasePage - INFO - 页面元素被点击
2018-09-27 18:33:55,848 - BasePage - INFO - Sleep for 2 seconds.
2018-09-27 18:33:55,877 - BasePage - INFO - Had find the element ' 体育 ' successful by xpath via value: //*[@id='channel-all']/div/ul/li[7]/a 
2018-09-27 18:33:57,111 - BasePage - INFO - 页面元素被点击
2018-09-27 18:33:59,115 - BasePage - INFO - Sleep for 2 seconds.
2018-09-27 18:34:02,304 - BasePage - INFO - 开始截图并保存
2018-09-27 18:34:02,305 - BrowserEngine - INFO - 关闭浏览器.
