2018-09-27 18:21:23,233 - BrowserEngine - INFO - You had select Chrome browser.
2018-09-27 18:21:23,233 - BrowserEngine - INFO - The testServer URL is: https://www.baidu.com.
2018-09-27 18:21:23,877 - BrowserEngine - INFO - open url:https://www.baidu.com
2018-09-27 18:21:24,083 - BrowserEngine - INFO - Maximize the current window.
2018-09-27 18:21:24,086 - BrowserEngine - INFO - 等待10秒.
2018-09-27 18:21:24,122 - BasePage - INFO - Had find the element ' ' successful.by id via value: kw
2018-09-27 18:21:24,317 - BasePage - INFO - Had type ' selenium ' in inputBox
2018-09-27 18:21:24,362 - BasePage - INFO - Had find the element '  ' successful by xpath via value: //*[@id='su'] 
2018-09-27 18:21:24,431 - BasePage - INFO - 页面元素被点击
2018-09-27 18:21:27,110 - BasePage - INFO - 开始截图并保存
2018-09-27 18:21:27,114 - BasePage - INFO - Current page title is selenium_百度搜索
2018-09-27 18:21:27,134 - BasePage - INFO - Had find the element ' ' successful.by id via value: kw
2018-09-27 18:21:27,250 - BasePage - INFO - Had type ' python ' in inputBox
2018-09-27 18:21:27,269 - BasePage - INFO - Had find the element '  ' successful by xpath via value: //*[@id='su'] 
2018-09-27 18:21:27,353 - BasePage - INFO - 页面元素被点击
2018-09-27 18:21:29,850 - BasePage - INFO - 开始截图并保存
2018-09-27 18:21:29,855 - BasePage - INFO - Current page title is python_百度搜索
2018-09-27 18:21:29,858 - BrowserEngine - INFO - 关闭浏览器.
2018-09-27 18:21:33,301 - BrowserEngine - INFO - You had select Chrome browser.
2018-09-27 18:21:33,302 - BrowserEngine - INFO - The testServer URL is: https://www.baidu.com.
2018-09-27 18:21:33,921 - BrowserEngine - INFO - open url:https://www.baidu.com
2018-09-27 18:21:34,139 - BrowserEngine - INFO - Maximize the current window.
2018-09-27 18:21:34,141 - BrowserEngine - INFO - 等待10秒.
2018-09-27 18:21:34,146 - BasePage - INFO - Current page title is 百度一下，你就知道
2018-09-27 18:21:34,151 - BrowserEngine - INFO - 关闭浏览器.
2018-09-27 18:21:37,649 - BrowserEngine - INFO - You had select Chrome browser.
2018-09-27 18:21:37,649 - BrowserEngine - INFO - The testServer URL is: https://www.baidu.com.
2018-09-27 18:21:38,244 - BrowserEngine - INFO - open url:https://www.baidu.com
2018-09-27 18:21:38,465 - BrowserEngine - INFO - Maximize the current window.
2018-09-27 18:21:38,466 - BrowserEngine - INFO - 等待10秒.
2018-09-27 18:21:38,498 - BasePage - INFO - Had find the element ' 新闻 ' successful by xpath via value: //*[@id='u1']/a[@name='tj_trnews'] 
2018-09-27 18:21:40,394 - BasePage - INFO - 页面元素被点击
2018-09-27 18:21:42,397 - BasePage - INFO - Sleep for 2 seconds.
2018-09-27 18:21:42,427 - BasePage - INFO - Had find the element ' 体育 ' successful by xpath via value: //*[@id='channel-all']/div/ul/li[7]/a 
2018-09-27 18:21:43,314 - BasePage - INFO - 页面元素被点击
2018-09-27 18:21:45,318 - BasePage - INFO - Sleep for 2 seconds.
2018-09-27 18:21:48,487 - BasePage - INFO - 开始截图并保存
2018-09-27 18:21:48,488 - BrowserEngine - INFO - 关闭浏览器.
2018-09-27 18:21:52,410 - BrowserEngine - INFO - You had select Chrome browser.
2018-09-27 18:21:52,410 - BrowserEngine - INFO - The testServer URL is: https://www.baidu.com.
2018-09-27 18:21:53,019 - BrowserEngine - INFO - open url:https://www.baidu.com
2018-09-27 18:21:53,223 - BrowserEngine - INFO - Maximize the current window.
2018-09-27 18:21:53,224 - BrowserEngine - INFO - 等待10秒.
2018-09-27 18:21:57,606 - BrowserEngine - INFO - 关闭浏览器.
