2018-09-27 18:30:53,061 - BrowserEngine - INFO - You had select Chrome browser.
2018-09-27 18:30:53,062 - BrowserEngine - INFO - The testServer URL is: https://www.baidu.com.
2018-09-27 18:30:53,825 - BrowserEngine - INFO - open url:https://www.baidu.com
2018-09-27 18:30:54,050 - BrowserEngine - INFO - Maximize the current window.
2018-09-27 18:30:54,051 - BrowserEngine - INFO - 等待10秒.
2018-09-27 18:30:54,085 - BasePage - INFO - Had find the element ' ' successful.by id via value: kw
2018-09-27 18:30:54,269 - BasePage - INFO - Had type ' selenium ' in inputBox
2018-09-27 18:30:54,306 - BasePage - INFO - Had find the element '  ' successful by xpath via value: //*[@id='su'] 
2018-09-27 18:30:54,383 - BasePage - INFO - 页面元素被点击
2018-09-27 18:30:57,131 - BasePage - INFO - 开始截图并保存
2018-09-27 18:30:57,136 - BasePage - INFO - Current page title is selenium_百度搜索
2018-09-27 18:30:57,155 - BasePage - INFO - Had find the element ' ' successful.by id via value: kw
2018-09-27 18:30:57,274 - BasePage - INFO - Had type ' python ' in inputBox
2018-09-27 18:30:57,292 - BasePage - INFO - Had find the element '  ' successful by xpath via value: //*[@id='su'] 
2018-09-27 18:30:57,371 - BasePage - INFO - 页面元素被点击
2018-09-27 18:30:59,866 - BasePage - INFO - 开始截图并保存
2018-09-27 18:30:59,871 - BasePage - INFO - Current page title is python_百度搜索
2018-09-27 18:30:59,875 - BrowserEngine - INFO - 关闭浏览器.
2018-09-27 18:31:03,973 - BrowserEngine - INFO - You had select Chrome browser.
2018-09-27 18:31:03,973 - BrowserEngine - INFO - The testServer URL is: https://www.baidu.com.
2018-09-27 18:31:04,611 - BrowserEngine - INFO - open url:https://www.baidu.com
2018-09-27 18:31:04,817 - BrowserEngine - INFO - Maximize the current window.
2018-09-27 18:31:04,819 - BrowserEngine - INFO - 等待10秒.
2018-09-27 18:31:04,828 - BasePage - INFO - Current page title is 百度一下，你就知道
2018-09-27 18:31:04,844 - BrowserEngine - INFO - 关闭浏览器.
2018-09-27 18:31:08,362 - BrowserEngine - INFO - You had select Chrome browser.
2018-09-27 18:31:08,363 - BrowserEngine - INFO - The testServer URL is: https://www.baidu.com.
2018-09-27 18:31:08,981 - BrowserEngine - INFO - open url:https://www.baidu.com
2018-09-27 18:31:09,196 - BrowserEngine - INFO - Maximize the current window.
2018-09-27 18:31:09,200 - BrowserEngine - INFO - 等待10秒.
2018-09-27 18:31:09,237 - BasePage - INFO - Had find the element ' 新闻 ' successful by xpath via value: //*[@id='u1']/a[@name='tj_trnews'] 
2018-09-27 18:31:11,076 - BasePage - INFO - 页面元素被点击
2018-09-27 18:31:13,081 - BasePage - INFO - Sleep for 2 seconds.
2018-09-27 18:31:13,110 - BasePage - INFO - Had find the element ' 体育 ' successful by xpath via value: //*[@id='channel-all']/div/ul/li[7]/a 
2018-09-27 18:31:13,764 - BasePage - INFO - 页面元素被点击
2018-09-27 18:31:15,767 - BasePage - INFO - Sleep for 2 seconds.
2018-09-27 18:31:19,010 - BasePage - INFO - 开始截图并保存
2018-09-27 18:31:19,011 - BrowserEngine - INFO - 关闭浏览器.
